<?xml version="1.0" encoding="UTF-8"?>
<!-- Generated by org.testng.reporters.JUnitXMLReporter -->
<testsuite hostname="Shiva" ignored="0" name="Default test" tests="6" failures="0" timestamp="2020-01-12T20:51:48 IST" time="47.849" errors="0">
  <testcase name="runScenario" time="11.186" classname="io.cucumber.testng.AbstractTestNGCucumberTests"/>
  <testcase name="runScenario" time="9.148" classname="io.cucumber.testng.AbstractTestNGCucumberTests"/>
  <testcase name="runScenario" time="9.032" classname="io.cucumber.testng.AbstractTestNGCucumberTests"/>
  <testcase name="runScenario" time="9.087" classname="io.cucumber.testng.AbstractTestNGCucumberTests"/>
  <testcase name="runScenario" time="9.11" classname="io.cucumber.testng.AbstractTestNGCucumberTests"/>
  <testcase name="test" time="0.001" classname="runners.ParallelFeatureRunners"/>
</testsuite> <!-- Default test -->
