<?xml version="1.0" encoding="UTF-8"?>
<!-- Generated by org.testng.reporters.JUnitXMLReporter -->
<testsuite hostname="Shiva" ignored="0" name="Test" tests="6" failures="0" timestamp="2020-01-12T21:44:31 IST" time="22.828" errors="0">
  <testcase name="runScenario" time="11.751" classname="io.cucumber.testng.AbstractTestNGCucumberTests"/>
  <testcase name="runScenario" time="11.978" classname="io.cucumber.testng.AbstractTestNGCucumberTests"/>
  <testcase name="runScenario" time="12.188" classname="io.cucumber.testng.AbstractTestNGCucumberTests"/>
  <testcase name="runScenario" time="10.806" classname="io.cucumber.testng.AbstractTestNGCucumberTests"/>
  <testcase name="runScenario" time="10.585" classname="io.cucumber.testng.AbstractTestNGCucumberTests"/>
  <testcase name="test" time="0.001" classname="runners.ParallelFeatureRunners"/>
</testsuite> <!-- Test -->
